2015-12-22 07:45:54, , http://www.hinodeya-ecolife.com/test/cfd2015/index.php
2015-12-22 07:47:40, , http://www.hinodeya-ecolife.com/test/cfd2015/index.php
2015-12-22 07:50:00, ab105155.dynamic.ppp.asahi-net.or.jp, http://www.hinodeya-ecolife.com/test/cfd2015/index.php
2015-12-22 08:05:42, ab105155.dynamic.ppp.asahi-net.or.jp, http://www.hinodeya-ecolife.com/test/cfd2015/index.php
2015-12-22 08:05:47, ab105155.dynamic.ppp.asahi-net.or.jp, http://www.hinodeya-ecolife.com/test/cfd2015/index.php
2015-12-22 10:53:28, crawl-66-249-79-80.googlebot.com, http://www.hinodeya-ecolife.com/test/cfd2015/index.php
2015-12-22 16:49:17, ab105155.dynamic.ppp.asahi-net.or.jp, http://www.hinodeya-ecolife.com/test/cfd2015/index.php
2015-12-22 16:53:28, ab105155.dynamic.ppp.asahi-net.or.jp, http://www.hinodeya-ecolife.com/test/cfd2015/index.php
2015-12-22 20:24:35, dcm1-119-244-77-61.tky.mesh.ad.jp, http://www.hinodeya-ecolife.com/test/cfd2015/index.php
2015-12-23 10:55:24, eAc1Aer163.osk.mesh.ad.jp, http://www.hinodeya-ecolife.com/test/cfd2015/index.php
2015-12-23 10:55:42, eAc1Aer163.osk.mesh.ad.jp, http://www.hinodeya-ecolife.com/test/cfd2015/index.php
2015-12-25 01:47:59, 27.189.215.66, http://www.hinodeya-ecolife.com/test/cfd2015/index.php
2015-12-25 01:47:59, 112.64.235.246, 
2015-12-25 09:40:11, dcm1-133-209-30-18.tky.mesh.ad.jp, http://www.hinodeya-ecolife.com/test/cfd2015/index.php
2015-12-25 13:23:53, ab105155.dynamic.ppp.asahi-net.or.jp, http://www.hinodeya-ecolife.com/test/cfd2015/index.php
2015-12-25 13:25:23, ab105155.dynamic.ppp.asahi-net.or.jp, http://www.hinodeya-ecolife.com/test/cfd2015/index.php
2015-12-26 17:48:59, eAc1Aer218.osk.mesh.ad.jp, http://www.hinodeya-ecolife.com/test/cfd2015/index.php
2015-12-27 03:44:48, msnbot-207-46-13-159.search.msn.com, 
2015-12-30 14:54:11, webpx2.city.osaka.lg.jp, http://www.hinodeya-ecolife.com/test/cfd2015/index.php
2015-12-30 16:34:15, KD106156221007.ppp-bb.dion.ne.jp, http://www.hinodeya-ecolife.com/test/cfd2015/index.php
2015-12-30 16:34:28, KD106156221007.ppp-bb.dion.ne.jp, http://www.hinodeya-ecolife.com/test/cfd2015/index.php
2015-12-30 16:38:43, KD106156221007.ppp-bb.dion.ne.jp, http://www.hinodeya-ecolife.com/test/cfd2015/index.php
2015-12-30 16:39:16, KD106156221007.ppp-bb.dion.ne.jp, http://www.hinodeya-ecolife.com/test/cfd2015/index.php
2015-12-30 16:39:43, KD106156221007.ppp-bb.dion.ne.jp, http://www.hinodeya-ecolife.com/test/cfd2015/index.php
2015-12-30 16:48:41, KD106156221007.ppp-bb.dion.ne.jp, http://www.hinodeya-ecolife.com/test/cfd2015/index.php
2015-12-30 16:49:18, KD106156221007.ppp-bb.dion.ne.jp, http://www.hinodeya-ecolife.com/test/cfd2015/index.php
2016-01-03 12:18:49, M014010134032.v4.enabler.ne.jp, http://www.hinodeya-ecolife.com/test/cfd2015/index.php
2016-01-06 00:39:41, ab105155.dynamic.ppp.asahi-net.or.jp, http://www.hinodeya-ecolife.com/test/cfd2015/index.php
2016-01-06 00:39:49, ab105155.dynamic.ppp.asahi-net.or.jp, http://www.hinodeya-ecolife.com/test/cfd2015/index.php
2016-01-06 00:40:09, ab105155.dynamic.ppp.asahi-net.or.jp, http://www.hinodeya-ecolife.com/test/cfd2015/index.php
2016-01-06 11:01:12, 202.232.52.162, http://www.hinodeya-ecolife.com/test/cfd2015/index.php
2016-01-06 20:59:25, ab105155.dynamic.ppp.asahi-net.or.jp, http://www.hinodeya-ecolife.com/test/cfd2015/index.php
2016-01-07 02:41:11, 140.207.198.205, http://www.hinodeya-ecolife.com/test/cfd2015/load.php?p
2016-01-07 18:04:21, p1021-ipbfpfx02yosemiya.okinawa.ocn.ne.jp, http://www.hinodeya-ecolife.com/test/cfd2015/index.php
2016-01-08 17:46:56, ab105155.dynamic.ppp.asahi-net.or.jp, http://www.hinodeya-ecolife.com/test/cfd2015/index.php
2016-01-09 11:57:43, KD111107175156.au-net.ne.jp, http://www.hinodeya-ecolife.com/test/cfd2015/index.php
2016-01-13 00:06:52, p184214-ipngn4801funabasi.chiba.ocn.ne.jp, http://www.hinodeya-ecolife.com/test/cfd2015/index.php
2016-01-13 17:06:31, crawl-66-249-79-78.googlebot.com, http://www.hinodeya-ecolife.com/test/cfd2015/index.php
2016-01-20 15:47:58, p12087-ipadfx01maru.tokyo.ocn.ne.jp, http://www.hinodeya-ecolife.com/test/cfd2015/index.php
2016-01-21 18:31:09, msnbot-157-55-39-118.search.msn.com, 
2016-01-25 10:37:42, navi.shinsei21.co.jp, http://www.hinodeya-ecolife.com/test/cfd2015/index.php
2016-01-25 14:28:55, nthygo071121.hygo.nt.ngn2.ppp.infoweb.ne.jp, http://www.hinodeya-ecolife.com/test/cfd2015/index.php
2016-01-28 17:39:25, ab105155.dynamic.ppp.asahi-net.or.jp, http://www.hinodeya-ecolife.com/test/cfd2015/index.php
2016-02-03 08:57:51, i219-165-232-13.s02.a002.ap.plala.or.jp, http://www.hinodeya-ecolife.com/test/cfd2015/index.php
2016-02-04 21:35:03, ab105155.dynamic.ppp.asahi-net.or.jp, http://www.hinodeya-ecolife.com/test/cfd2015/index.php
